<?xml version="1.0" encoding="UTF-8"?>
<testng-results ignored="0" total="7" passed="5" failed="2" skipped="0">
  <reporter-output>
    <line>
      <![CDATA[<div><a title ="screenshots" href="C:\Users\nxtun\eclipse-workspace\ASSIGNMEN_2_SELENIUM\.\screenshots\funixExample1ThuAug31141310ICT2023.png"><img src="C:\Users\nxtun\eclipse-workspace\ASSIGNMEN_2_SELENIUM\.\screenshots\funixExample1ThuAug31141310ICT2023.png" alt='funixExample1ThuAug31141310ICT2023.png'height='243'width='418'/></a><p>Ảnh testcase lỗi: "funixExample1ThuAug31141310ICT2023.png"</p></div>]]>
    </line>
    <line>
      <![CDATA[<div><a title ="screenshots" href="C:\Users\nxtun\eclipse-workspace\ASSIGNMEN_2_SELENIUM\.\screenshots\funixExample6ThuAug31141502ICT2023.png"><img src="C:\Users\nxtun\eclipse-workspace\ASSIGNMEN_2_SELENIUM\.\screenshots\funixExample6ThuAug31141502ICT2023.png" alt='funixExample6ThuAug31141502ICT2023.png'height='243'width='418'/></a><p>Ảnh testcase lỗi: "funixExample6ThuAug31141502ICT2023.png"</p></div>]]>
    </line>
  </reporter-output>
  <suite started-at="2023-08-31T14:12:23 ICT" name="Suite" finished-at="2023-08-31T14:15:21 ICT" duration-ms="178278">
    <groups>
    </groups>
    <test started-at="2023-08-31T14:12:23 ICT" name="Test" finished-at="2023-08-31T14:15:21 ICT" duration-ms="178278">
      <class name="test.java.com.automation.testcase.TC_LoginTest">
        <test-method is-config="true" signature="initDriverInstance()[pri:0, instance:test.java.com.automation.testcase.TC_LoginTest@6b695b06]" started-at="2023-08-31T14:12:23 ICT" name="initDriverInstance" finished-at="2023-08-31T14:12:24 ICT" duration-ms="1290" status="PASS">
          <reporter-output>
          </reporter-output>
        </test-method> <!-- initDriverInstance -->
        <test-method signature="TC01_loginFirstAccount(java.lang.String,java.lang.String)[pri:0, instance:test.java.com.automation.testcase.TC_LoginTest@6b695b06]" started-at="2023-08-31T14:12:25 ICT" name="TC01_loginFirstAccount" data-provider="Excel" finished-at="2023-08-31T14:13:09 ICT" duration-ms="44036" status="FAIL">
          <params>
            <param index="0">
              <value>
                <![CDATA[funixExample1@gmail.com]]>
              </value>
            </param>
            <param index="1">
              <value>
                <![CDATA[Abc@1234W]]>
              </value>
            </param>
          </params>
          <exception class="org.openqa.selenium.TimeoutException">
            <message>
              <![CDATA[Expected condition failed: waiting for visibility of element located by By.xpath: //*[@href='/logout'] (tried for 30 second(s) with 500 milliseconds interval)]]>
            </message>
            <full-stacktrace>
              <![CDATA[org.openqa.selenium.TimeoutException: Expected condition failed: waiting for visibility of element located by By.xpath: //*[@href='/logout'] (tried for 30 second(s) with 500 milliseconds interval)
at org.openqa.selenium.support.ui.WebDriverWait.timeoutException(WebDriverWait.java:95)
at org.openqa.selenium.support.ui.FluentWait.until(FluentWait.java:272)
at test.java.com.automation.testcase.TC_LoginTest.TC01_loginFirstAccount(TC_LoginTest.java:49)
at java.base/jdk.internal.reflect.NativeMethodAccessorImpl.invoke0(Native Method)
at java.base/jdk.internal.reflect.NativeMethodAccessorImpl.invoke(NativeMethodAccessorImpl.java:77)
at java.base/jdk.internal.reflect.DelegatingMethodAccessorImpl.invoke(DelegatingMethodAccessorImpl.java:43)
at java.base/java.lang.reflect.Method.invoke(Method.java:568)
at org.testng.internal.MethodInvocationHelper.invokeMethod(MethodInvocationHelper.java:133)
at org.testng.internal.TestInvoker.invokeMethod(TestInvoker.java:598)
at org.testng.internal.TestInvoker.invokeTestMethod(TestInvoker.java:173)
at org.testng.internal.MethodRunner.runInSequence(MethodRunner.java:46)
at org.testng.internal.TestInvoker$MethodInvocationAgent.invoke(TestInvoker.java:824)
at org.testng.internal.TestInvoker.invokeTestMethods(TestInvoker.java:146)
at org.testng.internal.TestMethodWorker.invokeTestMethods(TestMethodWorker.java:146)
at org.testng.internal.TestMethodWorker.run(TestMethodWorker.java:128)
at java.base/java.util.ArrayList.forEach(ArrayList.java:1511)
at org.testng.TestRunner.privateRun(TestRunner.java:794)
at org.testng.TestRunner.run(TestRunner.java:596)
at org.testng.SuiteRunner.runTest(SuiteRunner.java:377)
at org.testng.SuiteRunner.runSequentially(SuiteRunner.java:371)
at org.testng.SuiteRunner.privateRun(SuiteRunner.java:332)
at org.testng.SuiteRunner.run(SuiteRunner.java:276)
at org.testng.SuiteRunnerWorker.runSuite(SuiteRunnerWorker.java:53)
at org.testng.SuiteRunnerWorker.run(SuiteRunnerWorker.java:96)
at org.testng.TestNG.runSuitesSequentially(TestNG.java:1212)
at org.testng.TestNG.runSuitesLocally(TestNG.java:1134)
at org.testng.TestNG.runSuites(TestNG.java:1063)
at org.testng.TestNG.run(TestNG.java:1031)
at org.testng.remote.AbstractRemoteTestNG.run(AbstractRemoteTestNG.java:115)
at org.testng.remote.RemoteTestNG.initAndRun(RemoteTestNG.java:251)
at org.testng.remote.RemoteTestNG.main(RemoteTestNG.java:77)
Caused by: org.openqa.selenium.NoSuchElementException: no such element: Unable to locate element: {"method":"xpath","selector":"//*[@href='/logout']"}
  (Session info: chrome=116.0.5845.112)
For documentation on this error, please visit: https://www.seleniumhq.org/exceptions/no_such_element.html
Build info: version: '3.141.59', revision: 'e82be7d358', time: '2018-11-14T08:17:03'
System info: host: 'TUNGNGUYEN', ip: '192.168.56.1', os.name: 'Windows 11', os.arch: 'amd64', os.version: '10.0', java.version: '17.0.7'
Driver info: org.openqa.selenium.chrome.ChromeDriver
Capabilities {acceptInsecureCerts: false, browserName: chrome, browserVersion: 116.0.5845.112, chrome: {chromedriverVersion: 115.0.5790.170 (cc0d30c2ca5..., userDataDir: C:\Users\nxtun\AppData\Loca...}, goog:chromeOptions: {debuggerAddress: localhost:59989}, javascriptEnabled: true, networkConnectionEnabled: false, pageLoadStrategy: normal, platform: WINDOWS, platformName: WINDOWS, proxy: Proxy(), setWindowRect: true, strictFileInteractability: false, timeouts: {implicit: 0, pageLoad: 300000, script: 30000}, unhandledPromptBehavior: dismiss and notify, webauthn:extension:credBlob: true, webauthn:extension:largeBlob: true, webauthn:extension:minPinLength: true, webauthn:extension:prf: true, webauthn:virtualAuthenticators: true}
Session ID: a94dcb140f98aa91511776df7599684e
*** Element info: {Using=xpath, value=//*[@href='/logout']}
at jdk.internal.reflect.GeneratedConstructorAccessor11.newInstance(Unknown Source)
at java.base/jdk.internal.reflect.DelegatingConstructorAccessorImpl.newInstance(DelegatingConstructorAccessorImpl.java:45)
at java.base/java.lang.reflect.Constructor.newInstanceWithCaller(Constructor.java:499)
at java.base/java.lang.reflect.Constructor.newInstance(Constructor.java:480)
at org.openqa.selenium.remote.http.W3CHttpResponseCodec.createException(W3CHttpResponseCodec.java:187)
at org.openqa.selenium.remote.http.W3CHttpResponseCodec.decode(W3CHttpResponseCodec.java:122)
at org.openqa.selenium.remote.http.W3CHttpResponseCodec.decode(W3CHttpResponseCodec.java:49)
at org.openqa.selenium.remote.HttpCommandExecutor.execute(HttpCommandExecutor.java:158)
at org.openqa.selenium.remote.service.DriverCommandExecutor.execute(DriverCommandExecutor.java:83)
at org.openqa.selenium.remote.RemoteWebDriver.execute(RemoteWebDriver.java:552)
at org.openqa.selenium.remote.RemoteWebDriver.findElement(RemoteWebDriver.java:323)
at org.openqa.selenium.remote.RemoteWebDriver.findElementByXPath(RemoteWebDriver.java:428)
at org.openqa.selenium.By$ByXPath.findElement(By.java:353)
at org.openqa.selenium.remote.RemoteWebDriver.findElement(RemoteWebDriver.java:315)
at org.openqa.selenium.support.ui.ExpectedConditions$7.apply(ExpectedConditions.java:205)
at org.openqa.selenium.support.ui.ExpectedConditions$7.apply(ExpectedConditions.java:201)
at org.openqa.selenium.support.ui.FluentWait.until(FluentWait.java:249)
... 29 more
]]>
            </full-stacktrace>
          </exception> <!-- org.openqa.selenium.TimeoutException -->
          <reporter-output>
          </reporter-output>
        </test-method> <!-- TC01_loginFirstAccount -->
        <test-method is-config="true" signature="takeScreenshot(org.testng.ITestResult)[pri:0, instance:test.java.com.automation.testcase.TC_LoginTest@6b695b06]" started-at="2023-08-31T14:13:09 ICT" name="takeScreenshot" finished-at="2023-08-31T14:13:11 ICT" duration-ms="2219" status="PASS">
          <params>
            <param index="0">
              <value>
                <![CDATA[[TestResult name=TC01_loginFirstAccount status=FAILURE method=TC_LoginTest.TC01_loginFirstAccount(java.lang.String,java.lang.String)[pri:0, instance:test.java.com.automation.testcase.TC_LoginTest@6b695b06] output={null}]]]>
              </value>
            </param>
          </params>
          <reporter-output>
            <line>
              <![CDATA[<div><a title ="screenshots" href="C:\Users\nxtun\eclipse-workspace\ASSIGNMEN_2_SELENIUM\.\screenshots\funixExample1ThuAug31141310ICT2023.png"><img src="C:\Users\nxtun\eclipse-workspace\ASSIGNMEN_2_SELENIUM\.\screenshots\funixExample1ThuAug31141310ICT2023.png" alt='funixExample1ThuAug31141310ICT2023.png'height='243'width='418'/></a><p>Ảnh testcase lỗi: "funixExample1ThuAug31141310ICT2023.png"</p></div>]]>
            </line>
          </reporter-output>
        </test-method> <!-- takeScreenshot -->
        <test-method signature="TC01_loginFirstAccount(java.lang.String,java.lang.String)[pri:0, instance:test.java.com.automation.testcase.TC_LoginTest@6b695b06]" started-at="2023-08-31T14:13:11 ICT" name="TC01_loginFirstAccount" data-provider="Excel" finished-at="2023-08-31T14:13:25 ICT" duration-ms="14304" status="PASS">
          <params>
            <param index="0">
              <value>
                <![CDATA[funixExample2@gmail.com]]>
              </value>
            </param>
            <param index="1">
              <value>
                <![CDATA[Abc@13579]]>
              </value>
            </param>
          </params>
          <reporter-output>
          </reporter-output>
        </test-method> <!-- TC01_loginFirstAccount -->
        <test-method is-config="true" signature="takeScreenshot(org.testng.ITestResult)[pri:0, instance:test.java.com.automation.testcase.TC_LoginTest@6b695b06]" started-at="2023-08-31T14:13:25 ICT" name="takeScreenshot" finished-at="2023-08-31T14:13:26 ICT" duration-ms="1014" status="PASS">
          <params>
            <param index="0">
              <value>
                <![CDATA[[TestResult name=TC01_loginFirstAccount status=SUCCESS method=TC_LoginTest.TC01_loginFirstAccount(java.lang.String,java.lang.String)[pri:0, instance:test.java.com.automation.testcase.TC_LoginTest@6b695b06] output={null}]]]>
              </value>
            </param>
          </params>
          <reporter-output>
          </reporter-output>
        </test-method> <!-- takeScreenshot -->
        <test-method signature="TC01_loginFirstAccount(java.lang.String,java.lang.String)[pri:0, instance:test.java.com.automation.testcase.TC_LoginTest@6b695b06]" started-at="2023-08-31T14:13:26 ICT" name="TC01_loginFirstAccount" data-provider="Excel" finished-at="2023-08-31T14:13:44 ICT" duration-ms="17465" status="PASS">
          <params>
            <param index="0">
              <value>
                <![CDATA[funixExample3@gmail.com]]>
              </value>
            </param>
            <param index="1">
              <value>
                <![CDATA[Funix1122]]>
              </value>
            </param>
          </params>
          <reporter-output>
          </reporter-output>
        </test-method> <!-- TC01_loginFirstAccount -->
        <test-method is-config="true" signature="takeScreenshot(org.testng.ITestResult)[pri:0, instance:test.java.com.automation.testcase.TC_LoginTest@6b695b06]" started-at="2023-08-31T14:13:44 ICT" name="takeScreenshot" finished-at="2023-08-31T14:13:45 ICT" duration-ms="1005" status="PASS">
          <params>
            <param index="0">
              <value>
                <![CDATA[[TestResult name=TC01_loginFirstAccount status=SUCCESS method=TC_LoginTest.TC01_loginFirstAccount(java.lang.String,java.lang.String)[pri:0, instance:test.java.com.automation.testcase.TC_LoginTest@6b695b06] output={null}]]]>
              </value>
            </param>
          </params>
          <reporter-output>
          </reporter-output>
        </test-method> <!-- takeScreenshot -->
        <test-method signature="TC01_loginFirstAccount(java.lang.String,java.lang.String)[pri:0, instance:test.java.com.automation.testcase.TC_LoginTest@6b695b06]" started-at="2023-08-31T14:13:45 ICT" name="TC01_loginFirstAccount" data-provider="Excel" finished-at="2023-08-31T14:14:05 ICT" duration-ms="19979" status="PASS">
          <params>
            <param index="0">
              <value>
                <![CDATA[funixExample4@gmail.com]]>
              </value>
            </param>
            <param index="1">
              <value>
                <![CDATA[Funix1234567]]>
              </value>
            </param>
          </params>
          <reporter-output>
          </reporter-output>
        </test-method> <!-- TC01_loginFirstAccount -->
        <test-method is-config="true" signature="takeScreenshot(org.testng.ITestResult)[pri:0, instance:test.java.com.automation.testcase.TC_LoginTest@6b695b06]" started-at="2023-08-31T14:14:05 ICT" name="takeScreenshot" finished-at="2023-08-31T14:14:06 ICT" duration-ms="1005" status="PASS">
          <params>
            <param index="0">
              <value>
                <![CDATA[[TestResult name=TC01_loginFirstAccount status=SUCCESS method=TC_LoginTest.TC01_loginFirstAccount(java.lang.String,java.lang.String)[pri:0, instance:test.java.com.automation.testcase.TC_LoginTest@6b695b06] output={null}]]]>
              </value>
            </param>
          </params>
          <reporter-output>
          </reporter-output>
        </test-method> <!-- takeScreenshot -->
        <test-method signature="TC01_loginFirstAccount(java.lang.String,java.lang.String)[pri:0, instance:test.java.com.automation.testcase.TC_LoginTest@6b695b06]" started-at="2023-08-31T14:14:06 ICT" name="TC01_loginFirstAccount" data-provider="Excel" finished-at="2023-08-31T14:14:20 ICT" duration-ms="14267" status="PASS">
          <params>
            <param index="0">
              <value>
                <![CDATA[funixExample5@gmail.com]]>
              </value>
            </param>
            <param index="1">
              <value>
                <![CDATA[Admin123]]>
              </value>
            </param>
          </params>
          <reporter-output>
          </reporter-output>
        </test-method> <!-- TC01_loginFirstAccount -->
        <test-method is-config="true" signature="takeScreenshot(org.testng.ITestResult)[pri:0, instance:test.java.com.automation.testcase.TC_LoginTest@6b695b06]" started-at="2023-08-31T14:14:20 ICT" name="takeScreenshot" finished-at="2023-08-31T14:14:21 ICT" duration-ms="1001" status="PASS">
          <params>
            <param index="0">
              <value>
                <![CDATA[[TestResult name=TC01_loginFirstAccount status=SUCCESS method=TC_LoginTest.TC01_loginFirstAccount(java.lang.String,java.lang.String)[pri:0, instance:test.java.com.automation.testcase.TC_LoginTest@6b695b06] output={null}]]]>
              </value>
            </param>
          </params>
          <reporter-output>
          </reporter-output>
        </test-method> <!-- takeScreenshot -->
        <test-method signature="TC01_loginFirstAccount(java.lang.String,java.lang.String)[pri:0, instance:test.java.com.automation.testcase.TC_LoginTest@6b695b06]" started-at="2023-08-31T14:14:21 ICT" name="TC01_loginFirstAccount" data-provider="Excel" finished-at="2023-08-31T14:15:01 ICT" duration-ms="39876" status="FAIL">
          <params>
            <param index="0">
              <value>
                <![CDATA[funixExample6@gmail.com]]>
              </value>
            </param>
            <param index="1">
              <value>
                <![CDATA[Abc@000W]]>
              </value>
            </param>
          </params>
          <exception class="org.openqa.selenium.TimeoutException">
            <message>
              <![CDATA[Expected condition failed: waiting for visibility of element located by By.xpath: //*[@href='/logout'] (tried for 30 second(s) with 500 milliseconds interval)]]>
            </message>
            <full-stacktrace>
              <![CDATA[org.openqa.selenium.TimeoutException: Expected condition failed: waiting for visibility of element located by By.xpath: //*[@href='/logout'] (tried for 30 second(s) with 500 milliseconds interval)
at org.openqa.selenium.support.ui.WebDriverWait.timeoutException(WebDriverWait.java:95)
at org.openqa.selenium.support.ui.FluentWait.until(FluentWait.java:272)
at test.java.com.automation.testcase.TC_LoginTest.TC01_loginFirstAccount(TC_LoginTest.java:49)
at java.base/jdk.internal.reflect.NativeMethodAccessorImpl.invoke0(Native Method)
at java.base/jdk.internal.reflect.NativeMethodAccessorImpl.invoke(NativeMethodAccessorImpl.java:77)
at java.base/jdk.internal.reflect.DelegatingMethodAccessorImpl.invoke(DelegatingMethodAccessorImpl.java:43)
at java.base/java.lang.reflect.Method.invoke(Method.java:568)
at org.testng.internal.MethodInvocationHelper.invokeMethod(MethodInvocationHelper.java:133)
at org.testng.internal.TestInvoker.invokeMethod(TestInvoker.java:598)
at org.testng.internal.TestInvoker.invokeTestMethod(TestInvoker.java:173)
at org.testng.internal.MethodRunner.runInSequence(MethodRunner.java:46)
at org.testng.internal.TestInvoker$MethodInvocationAgent.invoke(TestInvoker.java:824)
at org.testng.internal.TestInvoker.invokeTestMethods(TestInvoker.java:146)
at org.testng.internal.TestMethodWorker.invokeTestMethods(TestMethodWorker.java:146)
at org.testng.internal.TestMethodWorker.run(TestMethodWorker.java:128)
at java.base/java.util.ArrayList.forEach(ArrayList.java:1511)
at org.testng.TestRunner.privateRun(TestRunner.java:794)
at org.testng.TestRunner.run(TestRunner.java:596)
at org.testng.SuiteRunner.runTest(SuiteRunner.java:377)
at org.testng.SuiteRunner.runSequentially(SuiteRunner.java:371)
at org.testng.SuiteRunner.privateRun(SuiteRunner.java:332)
at org.testng.SuiteRunner.run(SuiteRunner.java:276)
at org.testng.SuiteRunnerWorker.runSuite(SuiteRunnerWorker.java:53)
at org.testng.SuiteRunnerWorker.run(SuiteRunnerWorker.java:96)
at org.testng.TestNG.runSuitesSequentially(TestNG.java:1212)
at org.testng.TestNG.runSuitesLocally(TestNG.java:1134)
at org.testng.TestNG.runSuites(TestNG.java:1063)
at org.testng.TestNG.run(TestNG.java:1031)
at org.testng.remote.AbstractRemoteTestNG.run(AbstractRemoteTestNG.java:115)
at org.testng.remote.RemoteTestNG.initAndRun(RemoteTestNG.java:251)
at org.testng.remote.RemoteTestNG.main(RemoteTestNG.java:77)
Caused by: org.openqa.selenium.NoSuchElementException: no such element: Unable to locate element: {"method":"xpath","selector":"//*[@href='/logout']"}
  (Session info: chrome=116.0.5845.112)
For documentation on this error, please visit: https://www.seleniumhq.org/exceptions/no_such_element.html
Build info: version: '3.141.59', revision: 'e82be7d358', time: '2018-11-14T08:17:03'
System info: host: 'TUNGNGUYEN', ip: '192.168.56.1', os.name: 'Windows 11', os.arch: 'amd64', os.version: '10.0', java.version: '17.0.7'
Driver info: org.openqa.selenium.chrome.ChromeDriver
Capabilities {acceptInsecureCerts: false, browserName: chrome, browserVersion: 116.0.5845.112, chrome: {chromedriverVersion: 115.0.5790.170 (cc0d30c2ca5..., userDataDir: C:\Users\nxtun\AppData\Loca...}, goog:chromeOptions: {debuggerAddress: localhost:59989}, javascriptEnabled: true, networkConnectionEnabled: false, pageLoadStrategy: normal, platform: WINDOWS, platformName: WINDOWS, proxy: Proxy(), setWindowRect: true, strictFileInteractability: false, timeouts: {implicit: 0, pageLoad: 300000, script: 30000}, unhandledPromptBehavior: dismiss and notify, webauthn:extension:credBlob: true, webauthn:extension:largeBlob: true, webauthn:extension:minPinLength: true, webauthn:extension:prf: true, webauthn:virtualAuthenticators: true}
Session ID: a94dcb140f98aa91511776df7599684e
*** Element info: {Using=xpath, value=//*[@href='/logout']}
at jdk.internal.reflect.GeneratedConstructorAccessor11.newInstance(Unknown Source)
at java.base/jdk.internal.reflect.DelegatingConstructorAccessorImpl.newInstance(DelegatingConstructorAccessorImpl.java:45)
at java.base/java.lang.reflect.Constructor.newInstanceWithCaller(Constructor.java:499)
at java.base/java.lang.reflect.Constructor.newInstance(Constructor.java:480)
at org.openqa.selenium.remote.http.W3CHttpResponseCodec.createException(W3CHttpResponseCodec.java:187)
at org.openqa.selenium.remote.http.W3CHttpResponseCodec.decode(W3CHttpResponseCodec.java:122)
at org.openqa.selenium.remote.http.W3CHttpResponseCodec.decode(W3CHttpResponseCodec.java:49)
at org.openqa.selenium.remote.HttpCommandExecutor.execute(HttpCommandExecutor.java:158)
at org.openqa.selenium.remote.service.DriverCommandExecutor.execute(DriverCommandExecutor.java:83)
at org.openqa.selenium.remote.RemoteWebDriver.execute(RemoteWebDriver.java:552)
at org.openqa.selenium.remote.RemoteWebDriver.findElement(RemoteWebDriver.java:323)
at org.openqa.selenium.remote.RemoteWebDriver.findElementByXPath(RemoteWebDriver.java:428)
at org.openqa.selenium.By$ByXPath.findElement(By.java:353)
at org.openqa.selenium.remote.RemoteWebDriver.findElement(RemoteWebDriver.java:315)
at org.openqa.selenium.support.ui.ExpectedConditions$7.apply(ExpectedConditions.java:205)
at org.openqa.selenium.support.ui.ExpectedConditions$7.apply(ExpectedConditions.java:201)
at org.openqa.selenium.support.ui.FluentWait.until(FluentWait.java:249)
... 29 more
]]>
            </full-stacktrace>
          </exception> <!-- org.openqa.selenium.TimeoutException -->
          <reporter-output>
          </reporter-output>
        </test-method> <!-- TC01_loginFirstAccount -->
        <test-method is-config="true" signature="takeScreenshot(org.testng.ITestResult)[pri:0, instance:test.java.com.automation.testcase.TC_LoginTest@6b695b06]" started-at="2023-08-31T14:15:01 ICT" name="takeScreenshot" finished-at="2023-08-31T14:15:03 ICT" duration-ms="2174" status="PASS">
          <params>
            <param index="0">
              <value>
                <![CDATA[[TestResult name=TC01_loginFirstAccount status=FAILURE method=TC_LoginTest.TC01_loginFirstAccount(java.lang.String,java.lang.String)[pri:0, instance:test.java.com.automation.testcase.TC_LoginTest@6b695b06] output={null}]]]>
              </value>
            </param>
          </params>
          <reporter-output>
            <line>
              <![CDATA[<div><a title ="screenshots" href="C:\Users\nxtun\eclipse-workspace\ASSIGNMEN_2_SELENIUM\.\screenshots\funixExample6ThuAug31141502ICT2023.png"><img src="C:\Users\nxtun\eclipse-workspace\ASSIGNMEN_2_SELENIUM\.\screenshots\funixExample6ThuAug31141502ICT2023.png" alt='funixExample6ThuAug31141502ICT2023.png'height='243'width='418'/></a><p>Ảnh testcase lỗi: "funixExample6ThuAug31141502ICT2023.png"</p></div>]]>
            </line>
          </reporter-output>
        </test-method> <!-- takeScreenshot -->
        <test-method signature="TC01_loginFirstAccount(java.lang.String,java.lang.String)[pri:0, instance:test.java.com.automation.testcase.TC_LoginTest@6b695b06]" started-at="2023-08-31T14:15:03 ICT" name="TC01_loginFirstAccount" data-provider="Excel" finished-at="2023-08-31T14:15:20 ICT" duration-ms="16749" status="PASS">
          <params>
            <param index="0">
              <value>
                <![CDATA[funixExample7@gmail.com]]>
              </value>
            </param>
            <param index="1">
              <value>
                <![CDATA[Abc@111]]>
              </value>
            </param>
          </params>
          <reporter-output>
          </reporter-output>
        </test-method> <!-- TC01_loginFirstAccount -->
        <test-method is-config="true" signature="takeScreenshot(org.testng.ITestResult)[pri:0, instance:test.java.com.automation.testcase.TC_LoginTest@6b695b06]" started-at="2023-08-31T14:15:20 ICT" name="takeScreenshot" finished-at="2023-08-31T14:15:21 ICT" duration-ms="1008" status="PASS">
          <params>
            <param index="0">
              <value>
                <![CDATA[[TestResult name=TC01_loginFirstAccount status=SUCCESS method=TC_LoginTest.TC01_loginFirstAccount(java.lang.String,java.lang.String)[pri:0, instance:test.java.com.automation.testcase.TC_LoginTest@6b695b06] output={null}]]]>
              </value>
            </param>
          </params>
          <reporter-output>
          </reporter-output>
        </test-method> <!-- takeScreenshot -->
        <test-method is-config="true" signature="closeDriverInstance()[pri:0, instance:test.java.com.automation.testcase.TC_LoginTest@6b695b06]" started-at="2023-08-31T14:15:21 ICT" name="closeDriverInstance" finished-at="2023-08-31T14:15:21 ICT" duration-ms="275" status="PASS">
          <reporter-output>
          </reporter-output>
        </test-method> <!-- closeDriverInstance -->
      </class> <!-- test.java.com.automation.testcase.TC_LoginTest -->
    </test> <!-- Test -->
  </suite> <!-- Suite -->
</testng-results>
